<?xml version="1.0" encoding="UTF-8"?>
<testsuite xmlns:xsi="http://www.w3.org/2001/XMLSchema-instance" xsi:noNamespaceSchemaLocation="https://maven.apache.org/surefire/maven-surefire-plugin/xsd/surefire-test-report.xsd" name="testrunnerutils.CucumberTestRunner" time="15.91" tests="63" errors="0" skipped="0" failures="0">
  <properties>
    <property name="sun.desktop" value="windows"/>
    <property name="awt.toolkit" value="sun.awt.windows.WToolkit"/>
    <property name="file.encoding.pkg" value="sun.io"/>
    <property name="java.specification.version" value="1.8"/>
    <property name="sun.cpu.isalist" value="amd64"/>
    <property name="sun.jnu.encoding" value="Cp1252"/>
    <property name="java.class.path" value="E:\jpmapiassessment\apiserviceautomation\target\test-classes;E:\jpmapiassessment\apiserviceautomation\target\classes;C:\Users\Welcome\.m2\repository\info\cukes\cucumber-jvm-deps\1.0.5\cucumber-jvm-deps-1.0.5.jar;C:\Users\Welcome\.m2\repository\info\cukes\cucumber-junit\1.2.5\cucumber-junit-1.2.5.jar;C:\Users\Welcome\.m2\repository\info\cukes\cucumber-java\1.2.5\cucumber-java-1.2.5.jar;C:\Users\Welcome\.m2\repository\info\cukes\cucumber-core\1.2.5\cucumber-core-1.2.5.jar;C:\Users\Welcome\.m2\repository\info\cukes\cucumber-html\0.2.3\cucumber-html-0.2.3.jar;C:\Users\Welcome\.m2\repository\info\cukes\gherkin\2.12.2\gherkin-2.12.2.jar;C:\Users\Welcome\.m2\repository\junit\junit\4.12\junit-4.12.jar;C:\Users\Welcome\.m2\repository\org\hamcrest\hamcrest-core\1.3\hamcrest-core-1.3.jar;C:\Users\Welcome\.m2\repository\io\rest-assured\rest-assured\4.3.1\rest-assured-4.3.1.jar;C:\Users\Welcome\.m2\repository\org\codehaus\groovy\groovy\3.0.3\groovy-3.0.3.jar;C:\Users\Welcome\.m2\repository\org\codehaus\groovy\groovy-xml\3.0.3\groovy-xml-3.0.3.jar;C:\Users\Welcome\.m2\repository\org\apache\httpcomponents\httpclient\4.5.3\httpclient-4.5.3.jar;C:\Users\Welcome\.m2\repository\org\apache\httpcomponents\httpcore\4.4.6\httpcore-4.4.6.jar;C:\Users\Welcome\.m2\repository\commons-logging\commons-logging\1.2\commons-logging-1.2.jar;C:\Users\Welcome\.m2\repository\commons-codec\commons-codec\1.9\commons-codec-1.9.jar;C:\Users\Welcome\.m2\repository\org\apache\httpcomponents\httpmime\4.5.3\httpmime-4.5.3.jar;C:\Users\Welcome\.m2\repository\org\hamcrest\hamcrest\2.1\hamcrest-2.1.jar;C:\Users\Welcome\.m2\repository\org\ccil\cowan\tagsoup\tagsoup\1.2.1\tagsoup-1.2.1.jar;C:\Users\Welcome\.m2\repository\io\rest-assured\json-path\4.3.1\json-path-4.3.1.jar;C:\Users\Welcome\.m2\repository\org\codehaus\groovy\groovy-json\3.0.3\groovy-json-3.0.3.jar;C:\Users\Welcome\.m2\repository\io\rest-assured\rest-assured-common\4.3.1\rest-assured-common-4.3.1.jar;C:\Users\Welcome\.m2\repository\io\rest-assured\xml-path\4.3.1\xml-path-4.3.1.jar;C:\Users\Welcome\.m2\repository\org\apache\commons\commons-lang3\3.4\commons-lang3-3.4.jar;C:\Users\Welcome\.m2\repository\jakarta\xml\bind\jakarta.xml.bind-api\2.3.3\jakarta.xml.bind-api-2.3.3.jar;C:\Users\Welcome\.m2\repository\jakarta\activation\jakarta.activation-api\1.2.2\jakarta.activation-api-1.2.2.jar;C:\Users\Welcome\.m2\repository\com\sun\xml\bind\jaxb-impl\2.3.3\jaxb-impl-2.3.3.jar;C:\Users\Welcome\.m2\repository\org\codehaus\groovy\groovy-all\2.4.5\groovy-all-2.4.5.jar;C:\Users\Welcome\.m2\repository\org\json\json\20200518\json-20200518.jar;C:\Users\Welcome\.m2\repository\com\jayway\jsonpath\json-path\2.4.0\json-path-2.4.0.jar;C:\Users\Welcome\.m2\repository\net\minidev\json-smart\2.3\json-smart-2.3.jar;C:\Users\Welcome\.m2\repository\net\minidev\accessors-smart\1.2\accessors-smart-1.2.jar;C:\Users\Welcome\.m2\repository\org\ow2\asm\asm\5.0.4\asm-5.0.4.jar;C:\Users\Welcome\.m2\repository\org\slf4j\slf4j-api\1.7.25\slf4j-api-1.7.25.jar;C:\Users\Welcome\.m2\repository\log4j\log4j\1.2.17\log4j-1.2.17.jar;C:\Users\Welcome\.m2\repository\org\slf4j\slf4j-jdk14\1.7.25\slf4j-jdk14-1.7.25.jar;"/>
    <property name="java.vm.vendor" value="Oracle Corporation"/>
    <property name="sun.arch.data.model" value="64"/>
    <property name="user.variant" value=""/>
    <property name="java.vendor.url" value="http://java.oracle.com/"/>
    <property name="user.timezone" value=""/>
    <property name="java.vm.specification.version" value="1.8"/>
    <property name="os.name" value="Windows 10"/>
    <property name="user.country" value="US"/>
    <property name="sun.java.launcher" value="SUN_STANDARD"/>
    <property name="sun.boot.library.path" value="C:\Program Files\Java\jdk1.8.0_202\jre\bin"/>
    <property name="sun.java.command" value="C:\Users\Welcome\AppData\Local\Temp\surefire7832903318870926738\surefirebooter2813220813560327099.jar C:\Users\Welcome\AppData\Local\Temp\surefire7832903318870926738 2020-11-18T11-39-07_412-jvmRun1 surefire4019787119255569543tmp surefire_02823906128919753355tmp"/>
    <property name="surefire.test.class.path" value="E:\jpmapiassessment\apiserviceautomation\target\test-classes;E:\jpmapiassessment\apiserviceautomation\target\classes;C:\Users\Welcome\.m2\repository\info\cukes\cucumber-jvm-deps\1.0.5\cucumber-jvm-deps-1.0.5.jar;C:\Users\Welcome\.m2\repository\info\cukes\cucumber-junit\1.2.5\cucumber-junit-1.2.5.jar;C:\Users\Welcome\.m2\repository\info\cukes\cucumber-java\1.2.5\cucumber-java-1.2.5.jar;C:\Users\Welcome\.m2\repository\info\cukes\cucumber-core\1.2.5\cucumber-core-1.2.5.jar;C:\Users\Welcome\.m2\repository\info\cukes\cucumber-html\0.2.3\cucumber-html-0.2.3.jar;C:\Users\Welcome\.m2\repository\info\cukes\gherkin\2.12.2\gherkin-2.12.2.jar;C:\Users\Welcome\.m2\repository\junit\junit\4.12\junit-4.12.jar;C:\Users\Welcome\.m2\repository\org\hamcrest\hamcrest-core\1.3\hamcrest-core-1.3.jar;C:\Users\Welcome\.m2\repository\io\rest-assured\rest-assured\4.3.1\rest-assured-4.3.1.jar;C:\Users\Welcome\.m2\repository\org\codehaus\groovy\groovy\3.0.3\groovy-3.0.3.jar;C:\Users\Welcome\.m2\repository\org\codehaus\groovy\groovy-xml\3.0.3\groovy-xml-3.0.3.jar;C:\Users\Welcome\.m2\repository\org\apache\httpcomponents\httpclient\4.5.3\httpclient-4.5.3.jar;C:\Users\Welcome\.m2\repository\org\apache\httpcomponents\httpcore\4.4.6\httpcore-4.4.6.jar;C:\Users\Welcome\.m2\repository\commons-logging\commons-logging\1.2\commons-logging-1.2.jar;C:\Users\Welcome\.m2\repository\commons-codec\commons-codec\1.9\commons-codec-1.9.jar;C:\Users\Welcome\.m2\repository\org\apache\httpcomponents\httpmime\4.5.3\httpmime-4.5.3.jar;C:\Users\Welcome\.m2\repository\org\hamcrest\hamcrest\2.1\hamcrest-2.1.jar;C:\Users\Welcome\.m2\repository\org\ccil\cowan\tagsoup\tagsoup\1.2.1\tagsoup-1.2.1.jar;C:\Users\Welcome\.m2\repository\io\rest-assured\json-path\4.3.1\json-path-4.3.1.jar;C:\Users\Welcome\.m2\repository\org\codehaus\groovy\groovy-json\3.0.3\groovy-json-3.0.3.jar;C:\Users\Welcome\.m2\repository\io\rest-assured\rest-assured-common\4.3.1\rest-assured-common-4.3.1.jar;C:\Users\Welcome\.m2\repository\io\rest-assured\xml-path\4.3.1\xml-path-4.3.1.jar;C:\Users\Welcome\.m2\repository\org\apache\commons\commons-lang3\3.4\commons-lang3-3.4.jar;C:\Users\Welcome\.m2\repository\jakarta\xml\bind\jakarta.xml.bind-api\2.3.3\jakarta.xml.bind-api-2.3.3.jar;C:\Users\Welcome\.m2\repository\jakarta\activation\jakarta.activation-api\1.2.2\jakarta.activation-api-1.2.2.jar;C:\Users\Welcome\.m2\repository\com\sun\xml\bind\jaxb-impl\2.3.3\jaxb-impl-2.3.3.jar;C:\Users\Welcome\.m2\repository\org\codehaus\groovy\groovy-all\2.4.5\groovy-all-2.4.5.jar;C:\Users\Welcome\.m2\repository\org\json\json\20200518\json-20200518.jar;C:\Users\Welcome\.m2\repository\com\jayway\jsonpath\json-path\2.4.0\json-path-2.4.0.jar;C:\Users\Welcome\.m2\repository\net\minidev\json-smart\2.3\json-smart-2.3.jar;C:\Users\Welcome\.m2\repository\net\minidev\accessors-smart\1.2\accessors-smart-1.2.jar;C:\Users\Welcome\.m2\repository\org\ow2\asm\asm\5.0.4\asm-5.0.4.jar;C:\Users\Welcome\.m2\repository\org\slf4j\slf4j-api\1.7.25\slf4j-api-1.7.25.jar;C:\Users\Welcome\.m2\repository\log4j\log4j\1.2.17\log4j-1.2.17.jar;C:\Users\Welcome\.m2\repository\org\slf4j\slf4j-jdk14\1.7.25\slf4j-jdk14-1.7.25.jar;"/>
    <property name="sun.cpu.endian" value="little"/>
    <property name="user.home" value="C:\Users\Welcome"/>
    <property name="user.language" value="en"/>
    <property name="java.specification.vendor" value="Oracle Corporation"/>
    <property name="java.home" value="C:\Program Files\Java\jdk1.8.0_202\jre"/>
    <property name="basedir" value="E:\jpmapiassessment\apiserviceautomation"/>
    <property name="file.separator" value="\"/>
    <property name="line.separator" value="&#10;"/>
    <property name="java.vm.specification.vendor" value="Oracle Corporation"/>
    <property name="java.specification.name" value="Java Platform API Specification"/>
    <property name="java.awt.graphicsenv" value="sun.awt.Win32GraphicsEnvironment"/>
    <property name="surefire.real.class.path" value="C:\Users\Welcome\AppData\Local\Temp\surefire7832903318870926738\surefirebooter2813220813560327099.jar"/>
    <property name="sun.boot.class.path" value="C:\Program Files\Java\jdk1.8.0_202\jre\lib\resources.jar;C:\Program Files\Java\jdk1.8.0_202\jre\lib\rt.jar;C:\Program Files\Java\jdk1.8.0_202\jre\lib\sunrsasign.jar;C:\Program Files\Java\jdk1.8.0_202\jre\lib\jsse.jar;C:\Program Files\Java\jdk1.8.0_202\jre\lib\jce.jar;C:\Program Files\Java\jdk1.8.0_202\jre\lib\charsets.jar;C:\Program Files\Java\jdk1.8.0_202\jre\lib\jfr.jar;C:\Program Files\Java\jdk1.8.0_202\jre\classes"/>
    <property name="user.script" value=""/>
    <property name="sun.management.compiler" value="HotSpot 64-Bit Tiered Compilers"/>
    <property name="java.runtime.version" value="1.8.0_202-b08"/>
    <property name="user.name" value="Welcome"/>
    <property name="path.separator" value=";"/>
    <property name="os.version" value="10.0"/>
    <property name="java.endorsed.dirs" value="C:\Program Files\Java\jdk1.8.0_202\jre\lib\endorsed"/>
    <property name="java.runtime.name" value="Java(TM) SE Runtime Environment"/>
    <property name="file.encoding" value="Cp1252"/>
    <property name="java.vm.name" value="Java HotSpot(TM) 64-Bit Server VM"/>
    <property name="localRepository" value="C:\Users\Welcome\.m2\repository"/>
    <property name="java.vendor.url.bug" value="http://bugreport.sun.com/bugreport/"/>
    <property name="java.io.tmpdir" value="C:\Users\Welcome\AppData\Local\Temp\"/>
    <property name="java.version" value="1.8.0_202"/>
    <property name="user.dir" value="E:\jpmapiassessment\apiserviceautomation"/>
    <property name="os.arch" value="amd64"/>
    <property name="java.vm.specification.name" value="Java Virtual Machine Specification"/>
    <property name="java.awt.printerjob" value="sun.awt.windows.WPrinterJob"/>
    <property name="sun.os.patch.level" value=""/>
    <property name="java.library.path" value="C:\Program Files\Java\jdk1.8.0_202\jre\bin;C:\WINDOWS\Sun\Java\bin;C:\WINDOWS\system32;C:\WINDOWS;C:/Program Files/Java/jre1.8.0_202/bin/server;C:/Program Files/Java/jre1.8.0_202/bin;C:/Program Files/Java/jre1.8.0_202/lib/amd64;C:\Program Files (x86)\Common Files\Oracle\Java\javapath;C:\ProgramData\DockerDesktop\version-bin;C:\Program Files\Docker\Docker\Resources\bin;C:\WINDOWS\system32;C:\WINDOWS;C:\WINDOWS\System32\Wbem;C:\WINDOWS\System32\WindowsPowerShell\v1.0\;C:\WINDOWS\System32\OpenSSH\;C:\Program Files\nodejs\;C:\Program Files\Java\jdk1.8.0_202\bin;C:\Program Files\Git\cmd;C:\Program Files\TortoiseGit\bin;C:\Program Files\Git\bin\;C:\Program Files\apache-maven-3.6.3\bin;%ANDROID_HOME%\tools;%ANDROID_HOME%\tools\platform-tools;%ANDROID_HOME%\tools\bin;;C:\Program Files (x86)\AOMEI Backupper;C:\Users\Welcome\AppData\Local\Programs\Python\Python38-32\Scripts\;C:\Users\Welcome\AppData\Local\Programs\Python\Python38-32\;C:\Users\Welcome\AppData\Local\Microsoft\WindowsApps;C:\Program Files\Java\jdk-13.0.1\bin;C:\Users\Welcome\AppData\Roaming\npm;C:\Users\Welcome\AppData\Local\Android\Sdk\platform-tools;C:\Users\Welcome\AppData\Local\Android\Sdk\tools\bin;C:\Users\Welcome\AppData\Local\Android\Sdk\tools;;C:\WINDOWS\system32;;."/>
    <property name="java.vm.info" value="mixed mode"/>
    <property name="java.vendor" value="Oracle Corporation"/>
    <property name="java.vm.version" value="25.202-b08"/>
    <property name="java.ext.dirs" value="C:\Program Files\Java\jdk1.8.0_202\jre\lib\ext;C:\WINDOWS\Sun\Java\lib\ext"/>
    <property name="sun.io.unicode.encoding" value="UnicodeLittle"/>
    <property name="java.class.version" value="52.0"/>
  </properties>
  <testcase name="Given I setup the required URI to run posts service" classname="| userId - 5 | 200 | 10 |" time="0.002"/>
  <testcase name="When I send the posts api service request with given input parameters &quot;userId - 5&quot;" classname="| userId - 5 | 200 | 10 |" time="0.001"/>
  <testcase name="Then I validate the posts service response code &quot;200&quot;" classname="| userId - 5 | 200 | 10 |" time="0"/>
  <testcase name="And I validate the posts api service returns appropriate number of posts from system &quot;10&quot;" classname="| userId - 5 | 200 | 10 |" time="0"/>
  <testcase name="And I validate posts api returns response with appropriate details &quot;userId - 5&quot;" classname="| userId - 5 | 200 | 10 |" time="0"/>
  <testcase name="And I validate posts api response includes given attributes" classname="| userId - 5 | 200 | 10 |" time="0"/>
  <testcase name="| userId - 5 | 200 | 10 |" classname="| userId - 5 | 200 | 10 |" time="0.005"/>
  <testcase name="Given I setup the required URI to run posts service" classname="| id - 50 | 200 | 1 |" time="0.008"/>
  <testcase name="When I send the posts api service request with given input parameters &quot;id - 50&quot;" classname="| id - 50 | 200 | 1 |" time="0"/>
  <testcase name="Then I validate the posts service response code &quot;200&quot;" classname="| id - 50 | 200 | 1 |" time="0"/>
  <testcase name="And I validate the posts api service returns appropriate number of posts from system &quot;1&quot;" classname="| id - 50 | 200 | 1 |" time="0"/>
  <testcase name="And I validate posts api returns response with appropriate details &quot;id - 50&quot;" classname="| id - 50 | 200 | 1 |" time="0"/>
  <testcase name="And I validate posts api response includes given attributes" classname="| id - 50 | 200 | 1 |" time="0"/>
  <testcase name="| id - 50 | 200 | 1 |" classname="| id - 50 | 200 | 1 |" time="0.009"/>
  <testcase name="Given I setup the required URI to run posts service" classname="| id - 50,userId - 5 | 200 | 1 |" time="0"/>
  <testcase name="When I send the posts api service request with given input parameters &quot;id - 50,userId - 5&quot;" classname="| id - 50,userId - 5 | 200 | 1 |" time="0"/>
  <testcase name="Then I validate the posts service response code &quot;200&quot;" classname="| id - 50,userId - 5 | 200 | 1 |" time="0"/>
  <testcase name="And I validate the posts api service returns appropriate number of posts from system &quot;1&quot;" classname="| id - 50,userId - 5 | 200 | 1 |" time="0"/>
  <testcase name="And I validate posts api returns response with appropriate details &quot;id - 50,userId - 5&quot;" classname="| id - 50,userId - 5 | 200 | 1 |" time="0"/>
  <testcase name="And I validate posts api response includes given attributes" classname="| id - 50,userId - 5 | 200 | 1 |" time="0"/>
  <testcase name="| id - 50,userId - 5 | 200 | 1 |" classname="| id - 50,userId - 5 | 200 | 1 |" time="0.003"/>
  <testcase name="Given I setup the required URI to run comments service" classname="| postId - 2 | 200 | 5 |" time="0"/>
  <testcase name="When I send the comments api service request with given input parameters &quot;postId - 2&quot;" classname="| postId - 2 | 200 | 5 |" time="0"/>
  <testcase name="Then I validate the comments service response code &quot;200&quot;" classname="| postId - 2 | 200 | 5 |" time="0"/>
  <testcase name="And I validate the comments api service returns appropriate number of comments from system &quot;5&quot;" classname="| postId - 2 | 200 | 5 |" time="0"/>
  <testcase name="And I validate comments api returns response with appropriate details &quot;postId - 2&quot;" classname="| postId - 2 | 200 | 5 |" time="0"/>
  <testcase name="And I validate comments api response includes given attributes" classname="| postId - 2 | 200 | 5 |" time="0"/>
  <testcase name="| postId - 2 | 200 | 5 |" classname="| postId - 2 | 200 | 5 |" time="0.006"/>
  <testcase name="Given I setup the required URI to run comments service" classname="| email - Mallory_Kunze@marie.org | 200 | 1 |" time="0"/>
  <testcase name="When I send the comments api service request with given input parameters &quot;email - Mallory_Kunze@marie.org&quot;" classname="| email - Mallory_Kunze@marie.org | 200 | 1 |" time="0"/>
  <testcase name="Then I validate the comments service response code &quot;200&quot;" classname="| email - Mallory_Kunze@marie.org | 200 | 1 |" time="0"/>
  <testcase name="And I validate the comments api service returns appropriate number of comments from system &quot;1&quot;" classname="| email - Mallory_Kunze@marie.org | 200 | 1 |" time="0"/>
  <testcase name="And I validate comments api returns response with appropriate details &quot;email - Mallory_Kunze@marie.org&quot;" classname="| email - Mallory_Kunze@marie.org | 200 | 1 |" time="0"/>
  <testcase name="And I validate comments api response includes given attributes" classname="| email - Mallory_Kunze@marie.org | 200 | 1 |" time="0"/>
  <testcase name="| email - Mallory_Kunze@marie.org | 200 | 1 |" classname="| email - Mallory_Kunze@marie.org | 200 | 1 |" time="0.016"/>
  <testcase name="Given I setup the required URI to run comments service" classname="| postId - 2,id - 6 | 200 | 1 |" time="0"/>
  <testcase name="When I send the comments api service request with given input parameters &quot;postId - 2,id - 6&quot;" classname="| postId - 2,id - 6 | 200 | 1 |" time="0"/>
  <testcase name="Then I validate the comments service response code &quot;200&quot;" classname="| postId - 2,id - 6 | 200 | 1 |" time="0"/>
  <testcase name="And I validate the comments api service returns appropriate number of comments from system &quot;1&quot;" classname="| postId - 2,id - 6 | 200 | 1 |" time="0"/>
  <testcase name="And I validate comments api returns response with appropriate details &quot;postId - 2,id - 6&quot;" classname="| postId - 2,id - 6 | 200 | 1 |" time="0"/>
  <testcase name="And I validate comments api response includes given attributes" classname="| postId - 2,id - 6 | 200 | 1 |" time="0"/>
  <testcase name="| postId - 2,id - 6 | 200 | 1 |" classname="| postId - 2,id - 6 | 200 | 1 |" time="0.002"/>
  <testcase name="Given I setup the required URI to run users service" classname="| id - 1 | 200 | 1 |" time="0"/>
  <testcase name="When I send the users api service request with given input parameters &quot;id - 1&quot;" classname="| id - 1 | 200 | 1 |" time="0"/>
  <testcase name="Then I validate the users service response code &quot;200&quot;" classname="| id - 1 | 200 | 1 |" time="0"/>
  <testcase name="And I validate the users api service returns appropriate number of users from system &quot;1&quot;" classname="| id - 1 | 200 | 1 |" time="0"/>
  <testcase name="And I validate users api returns response with appropriate details &quot;id - 1&quot;" classname="| id - 1 | 200 | 1 |" time="0"/>
  <testcase name="And I validate users api response includes given attributes" classname="| id - 1 | 200 | 1 |" time="0"/>
  <testcase name="| id - 1 | 200 | 1 |" classname="| id - 1 | 200 | 1 |" time="0.003"/>
  <testcase name="Given I setup the required URI to run users service" classname="| username - Karianne | 200 | 1 |" time="0"/>
  <testcase name="When I send the users api service request with given input parameters &quot;username - Karianne&quot;" classname="| username - Karianne | 200 | 1 |" time="0"/>
  <testcase name="Then I validate the users service response code &quot;200&quot;" classname="| username - Karianne | 200 | 1 |" time="0"/>
  <testcase name="And I validate the users api service returns appropriate number of users from system &quot;1&quot;" classname="| username - Karianne | 200 | 1 |" time="0"/>
  <testcase name="And I validate users api returns response with appropriate details &quot;username - Karianne&quot;" classname="| username - Karianne | 200 | 1 |" time="0"/>
  <testcase name="And I validate users api response includes given attributes" classname="| username - Karianne | 200 | 1 |" time="0"/>
  <testcase name="| username - Karianne | 200 | 1 |" classname="| username - Karianne | 200 | 1 |" time="0.01"/>
  <testcase name="Given I setup the required URI to run users service" classname="| name - Clementine Bauch,website - ramiro.info,username - Samantha | 200 | 1 |" time="0"/>
  <testcase name="When I send the users api service request with given input parameters &quot;name - Clementine Bauch,website - ramiro.info,username - Samantha&quot;" classname="| name - Clementine Bauch,website - ramiro.info,username - Samantha | 200 | 1 |" time="0.001"/>
  <testcase name="Then I validate the users service response code &quot;200&quot;" classname="| name - Clementine Bauch,website - ramiro.info,username - Samantha | 200 | 1 |" time="0"/>
  <testcase name="And I validate the users api service returns appropriate number of users from system &quot;1&quot;" classname="| name - Clementine Bauch,website - ramiro.info,username - Samantha | 200 | 1 |" time="0"/>
  <testcase name="And I validate users api returns response with appropriate details &quot;name - Clementine Bauch,website - ramiro.info,username - Samantha&quot;" classname="| name - Clementine Bauch,website - ramiro.info,username - Samantha | 200 | 1 |" time="0"/>
  <testcase name="And I validate users api response includes given attributes" classname="| name - Clementine Bauch,website - ramiro.info,username - Samantha | 200 | 1 |" time="0"/>
  <testcase name="| name - Clementine Bauch,website - ramiro.info,username - Samantha | 200 | 1 |" classname="| name - Clementine Bauch,website - ramiro.info,username - Samantha | 200 | 1 |" time="0.003"/>
</testsuite>